[18:31:44] [Server thread/INFO]: Starting minecraft server version 1.12
[18:31:44] [Server thread/INFO]: Loading properties
[18:31:44] [Server thread/INFO]: Default game type: CREATIVE
[18:31:44] [Server thread/INFO]: Generating keypair
[18:31:44] [Server thread/INFO]: Starting Minecraft server on *:25565
[18:31:44] [Server thread/INFO]: Using default channel type
[18:31:45] [Server thread/INFO]: This server is running CraftBukkit version git-Bukkit-ed8c725 (MC: 1.12) (Implementing API version 1.12-R0.1-SNAPSHOT)
[18:31:45] [Server thread/INFO]: [RaspberryJuice] Loading RaspberryJuice v1.10
[18:31:46] [Server thread/WARN]: **** SERVER IS RUNNING IN OFFLINE/INSECURE MODE!
[18:31:46] [Server thread/WARN]: The server will make no attempt to authenticate usernames. Beware.
[18:31:46] [Server thread/WARN]: While this makes the game possible to play without internet access, it also opens up the ability for hackers to connect with any username they choose.
[18:31:46] [Server thread/WARN]: To change this, set "online-mode" to "true" in the server.properties file.
[18:31:46] [Server thread/INFO]: Preparing level "world"
[18:31:47] [Server thread/INFO]: Preparing start region for level 0 (Seed: 5742904898930994298)
[18:31:48] [Server thread/INFO]: Preparing spawn area: 8%
[18:31:49] [Server thread/INFO]: Preparing spawn area: 19%
[18:31:50] [Server thread/INFO]: Preparing spawn area: 34%
[18:31:51] [Server thread/INFO]: Preparing spawn area: 49%
[18:31:52] [Server thread/INFO]: Preparing spawn area: 66%
[18:31:53] [Server thread/INFO]: Preparing spawn area: 83%
[18:31:54] [Server thread/INFO]: Preparing start region for level 1 (Seed: 5742904898930994298)
[18:31:55] [Server thread/INFO]: Preparing spawn area: 14%
[18:31:56] [Server thread/INFO]: Preparing spawn area: 42%
[18:31:57] [Server thread/INFO]: Preparing spawn area: 68%
[18:31:58] [Server thread/INFO]: Preparing spawn area: 99%
[18:31:58] [Server thread/INFO]: Preparing start region for level 2 (Seed: 5742904898930994298)
[18:31:59] [Server thread/INFO]: Preparing spawn area: 55%
[18:31:59] [Server thread/INFO]: [RaspberryJuice] Enabling RaspberryJuice v1.10
[18:31:59] [Server thread/INFO]: [RaspberryJuice] Using port 4711
[18:31:59] [Server thread/INFO]: [RaspberryJuice] Using ABSOLUTE locations
[18:31:59] [Server thread/INFO]: [RaspberryJuice] Using BOTH clicks for hits
[18:31:59] [Server thread/INFO]: [RaspberryJuice] ThreadListener Started
[18:31:59] [Server thread/INFO]: Server permissions file permissions.yml is empty, ignoring it
[18:32:00] [Server thread/INFO]: Done (13,965s)! For help, type "help" or "?"
[18:32:03] [Server thread/WARN]: Can't keep up! Did the system time change, or is the server overloaded? Running 2655ms behind, skipping 53 tick(s)
[18:33:20] [Server thread/INFO]: marcdelcuco[/127.0.0.1:52715] logged in with entity id 2120 at ([world]20.490108666176713, 72.0, 9.767769172881252)
[18:34:13] [Thread-8/INFO]: [RaspberryJuice] Starting output thread!
[18:34:13] [Thread-5/INFO]: [RaspberryJuice] Opened connection to/127.0.0.1:52793.
[18:34:13] [Thread-7/INFO]: [RaspberryJuice] Starting input thread
[18:34:19] [Netty Server IO #2/INFO]: <marcdelcuco> isultam[m
[18:34:25] [Netty Server IO #2/INFO]: <marcdelcuco> insultam[m
[18:34:25] [Server thread/INFO]: saboc[m
[18:34:27] [Netty Server IO #2/INFO]: <marcdelcuco> insultam[m
[18:34:27] [Server thread/INFO]: no vals un fuckin duro[m
[18:34:28] [Netty Server IO #2/INFO]: <marcdelcuco> insultam[m
[18:34:28] [Server thread/INFO]: Algun dia jugaras en los ulls oberts[m
[18:34:37] [Thread-7/INFO]: [RaspberryJuice] Connection reset
[18:34:37] [Server thread/INFO]: [RaspberryJuice] Closed connection to/127.0.0.1:52793.
[18:34:38] [Thread-5/INFO]: [RaspberryJuice] Opened connection to/127.0.0.1:52823.
[18:34:38] [Thread-10/INFO]: [RaspberryJuice] Starting output thread!
[18:34:38] [Thread-9/INFO]: [RaspberryJuice] Starting input thread
[18:34:43] [Netty Server IO #2/INFO]: <marcdelcuco> tnt[m
